[backblue.gif]
[fade.gif]
[index.html]
[projecteuler.net/favicon.ico]
[projecteuler.net/rss2_euler.xml]
[projecteuler.net/images/icon_rss.png]
[projecteuler.net/images/icon_lock.png]
[projecteuler.net/images/pe_banner_light.png]
[projecteuler.net/problems.html]
[projecteuler.net/style_main.css]
[projecteuler.net/style_light.css]
[projecteuler.net/about.html]
[projecteuler.net/images/euler_portrait.png]
[projecteuler.net/captcha/image_show3cc2.png]
[projecteuler.net/captcha/image_play.wav]
[projecteuler.net/captcha/audio_icon.gif]
[projecteuler.net/register.html]
[projecteuler.net/captcha/image_show6c5e.png]
[projecteuler.net/login.html]
[projecteuler.net/problems;page=2.html]
[projecteuler.net/problems;page=3.html]
[projecteuler.net/problems;page=4.html]
[projecteuler.net/problems;page=5.html]
[projecteuler.net/problems;page=6.html]
[projecteuler.net/problems;page=7.html]
[projecteuler.net/problems;page=8.html]
[projecteuler.net/images/pe_banner.png]
[projecteuler.net/problem=1.html]
[projecteuler.net/problem=2.html]
[projecteuler.net/problem=3.html]
[projecteuler.net/problem=4.html]
[projecteuler.net/images/symbol_times.gif]
[projecteuler.net/problem=5.html]
[projecteuler.net/problem=6.html]
[projecteuler.net/images/symbol_minus.gif]
[projecteuler.net/problem=7.html]
[projecteuler.net/problem=8.html]
[projecteuler.net/images/symbol_lt.gif]
[projecteuler.net/problem=9.html]
[projecteuler.net/problem=10.html]
[projecteuler.net/problem=11.html]
[projecteuler.net/problem=12.html]
[projecteuler.net/problem=13.html]
[projecteuler.net/problem=14.html]
[projecteuler.net/images/symbol_maps.gif]
[projecteuler.net/problem=15.html]
[projecteuler.net/project/images/p_015.gif]
[projecteuler.net/problem=16.html]
[projecteuler.net/problem=17.html]
[projecteuler.net/problem=18.html]
[projecteuler.net/problem=19.html]
[projecteuler.net/problem=20.html]
[projecteuler.net/problem=21.html]
[projecteuler.net/images/symbol_ne.gif]
[projecteuler.net/project/names.txt]
[projecteuler.net/problem=22.html]
[projecteuler.net/problem=23.html]
[projecteuler.net/problem=24.html]
[projecteuler.net/problem=25.html]
[projecteuler.net/problem=26.html]
[projecteuler.net/problem=27.html]
[projecteuler.net/problem=28.html]
[projecteuler.net/problem=29.html]
[projecteuler.net/images/symbol_le.gif]
[projecteuler.net/problem=30.html]
[projecteuler.net/problem=31.html]
[projecteuler.net/problem=32.html]
[projecteuler.net/problem=33.html]
[projecteuler.net/problem=34.html]
[projecteuler.net/problem=35.html]
[projecteuler.net/problem=36.html]
[projecteuler.net/problem=37.html]
[projecteuler.net/images/symbol_gt.gif]
[projecteuler.net/problem=38.html]
[projecteuler.net/problem=39.html]
[projecteuler.net/problem=40.html]
[projecteuler.net/problem=41.html]
[projecteuler.net/problem=42.html]
[projecteuler.net/problem=43.html]
[projecteuler.net/problem=44.html]
[projecteuler.net/problem=45.html]
[projecteuler.net/problem=46.html]
[projecteuler.net/problem=47.html]
[projecteuler.net/problem=48.html]
[projecteuler.net/problem=49.html]
[projecteuler.net/problem=50.html]
[projecteuler.net/copyright.html]
[projecteuler.net/reset_password.html]
[projecteuler.net/problem=51.html]
[projecteuler.net/problem=52.html]
[projecteuler.net/problem=53.html]
[projecteuler.net/project/words.txt]
[projecteuler.net/problem=54.html]
[projecteuler.net/project/poker.txt]
[projecteuler.net/problem=55.html]
[projecteuler.net/problem=56.html]
[projecteuler.net/problem=57.html]
[projecteuler.net/images/symbol_radic.gif]
[projecteuler.net/problem=58.html]
[projecteuler.net/images/symbol_asymp.gif]
[projecteuler.net/problem=59.html]
[projecteuler.net/project/cipher1.txt]
[projecteuler.net/problem=60.html]
[projecteuler.net/problem=61.html]
[projecteuler.net/problem=62.html]
[projecteuler.net/problem=63.html]
[projecteuler.net/problem=64.html]
[projecteuler.net/problem=65.html]
[projecteuler.net/images/blackdot.gif]
[projecteuler.net/problem=66.html]
[projecteuler.net/project/triangle.txt]
[projecteuler.net/problem=67.html]
[projecteuler.net/project/images/p_068_1.gif]
[projecteuler.net/problem=68.html]
[projecteuler.net/project/images/p_068_2.gif]
[projecteuler.net/problem=69.html]
[projecteuler.net/problem=70.html]
[projecteuler.net/problem=71.html]
[projecteuler.net/problem=72.html]
[projecteuler.net/problem=73.html]
[projecteuler.net/problem=74.html]
[projecteuler.net/problem=75.html]
[projecteuler.net/problem=76.html]
[projecteuler.net/problem=77.html]
[projecteuler.net/problem=78.html]
[projecteuler.net/problem=79.html]
[projecteuler.net/project/keylog.txt]
[projecteuler.net/problem=80.html]
[projecteuler.net/images/bracket_left.gif]
[projecteuler.net/images/bracket_right.gif]
[projecteuler.net/project/matrix.txt]
[projecteuler.net/problem=81.html]
[projecteuler.net/problem=82.html]
[projecteuler.net/problem=83.html]
[projecteuler.net/problem=84.html]
[projecteuler.net/problem=85.html]
[projecteuler.net/project/images/p_085.gif]
[projecteuler.net/problem=86.html]
[projecteuler.net/project/images/p_086.gif]
[projecteuler.net/problem=87.html]
[projecteuler.net/problem=88.html]
[projecteuler.net/problem=89.html]
[projecteuler.net/project/roman.txt]
[projecteuler.net/problem=90.html]
[projecteuler.net/project/images/p_090.gif]
[projecteuler.net/project/images/p_091_1.gif]
[projecteuler.net/problem=91.html]
[projecteuler.net/project/images/p_091_2.gif]
[projecteuler.net/problem=92.html]
[projecteuler.net/problem=93.html]
[projecteuler.net/problem=94.html]
[projecteuler.net/problem=95.html]
[projecteuler.net/images/spacer.gif]
[projecteuler.net/problem=96.html]
[projecteuler.net/project/sudoku.txt]
[projecteuler.net/problem=97.html]
[projecteuler.net/problem=98.html]
[projecteuler.net/problem=99.html]
[projecteuler.net/project/base_exp.txt]
[projecteuler.net/problem=100.html]
[projecteuler.net/images/symbol_ge.gif]
[projecteuler.net/problem=101.html]
[projecteuler.net/problem=102.html]
[projecteuler.net/project/triangles.txt]
[projecteuler.net/problem=103.html]
[projecteuler.net/problem=104.html]
[projecteuler.net/project/sets.txt]
[projecteuler.net/problem=105.html]
[projecteuler.net/problem=106.html]
[projecteuler.net/project/images/p_107_1.gif]
[projecteuler.net/project/images/p_107_2.gif]
[projecteuler.net/project/network.txt]
[projecteuler.net/problem=107.html]
[projecteuler.net/problem=108.html]
[projecteuler.net/problem=109.html]
[projecteuler.net/project/images/p_109.gif]
[projecteuler.net/problem=110.html]
[projecteuler.net/problem=111.html]
[projecteuler.net/problem=112.html]
[projecteuler.net/problem=113.html]
[projecteuler.net/problem=114.html]
[projecteuler.net/problem=115.html]
[projecteuler.net/problem=116.html]
[projecteuler.net/problem=117.html]
[projecteuler.net/problem=118.html]
[projecteuler.net/problem=119.html]
[projecteuler.net/images/symbol_cong.gif]
[projecteuler.net/images/symbol_sum.gif]
[projecteuler.net/problem=120.html]
[projecteuler.net/problem=121.html]
[projecteuler.net/problem=122.html]
[projecteuler.net/problem=123.html]
[projecteuler.net/problem=124.html]
[projecteuler.net/problem=125.html]
[projecteuler.net/problem=126.html]
[projecteuler.net/project/images/p_126.gif]
[projecteuler.net/problem=127.html]
[projecteuler.net/project/images/p_128.gif]
[projecteuler.net/problem=128.html]
[projecteuler.net/problem=129.html]
[projecteuler.net/problem=130.html]
[projecteuler.net/problem=131.html]
[projecteuler.net/problem=132.html]
[projecteuler.net/problem=133.html]
[projecteuler.net/problem=134.html]
[projecteuler.net/problem=135.html]
[projecteuler.net/problem=136.html]
[projecteuler.net/problem=137.html]
[projecteuler.net/project/images/p_138.gif]
[projecteuler.net/problem=138.html]
[projecteuler.net/images/symbol_plusmn.gif]
[projecteuler.net/problem=139.html]
[projecteuler.net/project/images/p_139.gif]
[projecteuler.net/problem=140.html]
[projecteuler.net/problem=141.html]
[projecteuler.net/problem=142.html]
[projecteuler.net/problem=143.html]
[projecteuler.net/project/images/p_143_torricelli.gif]
[projecteuler.net/project/images/p_144_1.gif]
[projecteuler.net/problem=144.html]
[projecteuler.net/project/images/p_144_2.gif]
[projecteuler.net/problem=145.html]
[projecteuler.net/problem=146.html]
[projecteuler.net/project/images/p_147.gif]
[projecteuler.net/problem=147.html]
[projecteuler.net/problem=148.html]
[projecteuler.net/problem=149.html]
[projecteuler.net/problem=150.html]
[projecteuler.net/project/images/p_150.gif]
[projecteuler.net/problem=151.html]
[projecteuler.net/project/images/p_151.gif]
[projecteuler.net/project/images/p_152_sum.gif]
[projecteuler.net/problem=152.html]
[projecteuler.net/project/images/p_153_formule1.gif]
[projecteuler.net/project/images/p_153_formule2.gif]
[projecteuler.net/project/images/p_153_formule5.gif]
[projecteuler.net/problem=153.html]
[projecteuler.net/project/images/p_153_formule6.gif]
[projecteuler.net/problem=154.html]
[projecteuler.net/project/images/p_154_pyramid.gif]
[projecteuler.net/project/images/p_155_capsmu.gif]
[projecteuler.net/project/images/p_155_capacitors1.gif]
[projecteuler.net/problem=155.html]
[projecteuler.net/project/images/p_155_capsform.gif]
[projecteuler.net/problem=156.html]
[projecteuler.net/problem=157.html]
[projecteuler.net/problem=158.html]
[projecteuler.net/problem=159.html]
[projecteuler.net/problem=160.html]
[projecteuler.net/project/images/p_161_trio1.gif]
[projecteuler.net/project/images/p_161_trio3.gif]
[projecteuler.net/project/images/p_161_k9.gif]
[projecteuler.net/problem=161.html]
[projecteuler.net/problem=162.html]
[projecteuler.net/problem=163.html]
[projecteuler.net/project/images/p_163.gif]
[projecteuler.net/problem=164.html]
[projecteuler.net/problem=165.html]
[projecteuler.net/problem=166.html]
[projecteuler.net/problem=167.html]
[projecteuler.net/problem=168.html]
[projecteuler.net/problem=169.html]
[projecteuler.net/problem=170.html]
[projecteuler.net/problem=171.html]
[projecteuler.net/problem=172.html]
[projecteuler.net/problem=173.html]
[projecteuler.net/problem=174.html]
[projecteuler.net/problem=175.html]
[projecteuler.net/problem=176.html]
[projecteuler.net/project/images/p_173_square_laminas.gif]
[projecteuler.net/project/images/p_177_quad.gif]
[projecteuler.net/problem=177.html]
[projecteuler.net/problem=178.html]
[projecteuler.net/problem=179.html]
[projecteuler.net/problem=180.html]
[projecteuler.net/problem=181.html]
[projecteuler.net/problem=182.html]
[projecteuler.net/problem=183.html]
[projecteuler.net/problem=184.html]
[projecteuler.net/project/images/p_184.gif]
[projecteuler.net/problem=185.html]
[projecteuler.net/problem=186.html]
[projecteuler.net/problem=187.html]
[projecteuler.net/problem=188.html]
[projecteuler.net/project/images/p_189_grid.gif]
[projecteuler.net/project/images/p_189_colours.gif]
[projecteuler.net/problem=189.html]
[projecteuler.net/problem=190.html]
[projecteuler.net/problem=191.html]
[projecteuler.net/problem=192.html]
[projecteuler.net/images/symbol_implies.gif]
[projecteuler.net/problem=193.html]
[projecteuler.net/project/images/p_194_GraphA.png]
[projecteuler.net/project/images/p_194_GraphB.png]
[projecteuler.net/problem=194.html]
[projecteuler.net/project/images/p_194_Fig.png]
[projecteuler.net/problem=195.html]
[projecteuler.net/problem=196.html]
[projecteuler.net/images/symbol_lfloor.gif]
[projecteuler.net/problem=197.html]
[projecteuler.net/images/symbol_rfloor.gif]
[projecteuler.net/problem=198.html]
[projecteuler.net/problem=199.html]
[projecteuler.net/project/images/p_199_circles_in_circles.gif]
[projecteuler.net/problem=200.html]
[projecteuler.net/problem=201.html]
[projecteuler.net/problem=202.html]
[projecteuler.net/project/images/p_201_laserbeam.gif]
[projecteuler.net/problem=203.html]
[projecteuler.net/problem=204.html]
[projecteuler.net/problem=205.html]
[projecteuler.net/problem=206.html]
[projecteuler.net/problem=207.html]
[projecteuler.net/problem=208.html]
[projecteuler.net/project/images/p_208_robotwalk.gif]
[projecteuler.net/problem=209.html]
[projecteuler.net/problem=210.html]
[projecteuler.net/problem=211.html]
[projecteuler.net/problem=212.html]
[projecteuler.net/problem=213.html]
[projecteuler.net/problem=214.html]
[projecteuler.net/problem=215.html]
[projecteuler.net/problem=216.html]
[projecteuler.net/project/images/p_215_crackfree.gif]
[projecteuler.net/images/symbol_lceil.gif]
[projecteuler.net/problem=217.html]
[projecteuler.net/images/symbol_rceil.gif]
[projecteuler.net/problem=218.html]
[projecteuler.net/problem=219.html]
[projecteuler.net/problem=220.html]
[projecteuler.net/project/images/p_220.gif]
[projecteuler.net/problem=221.html]
[projecteuler.net/problem=222.html]
[projecteuler.net/problem=223.html]
[projecteuler.net/problem=224.html]
[projecteuler.net/problem=225.html]
[projecteuler.net/project/images/p_226_formula.gif]
[projecteuler.net/project/images/p_226_scoop2.gif]
[projecteuler.net/problem=226.html]
[projecteuler.net/problem=227.html]
[projecteuler.net/problem=228.html]
[projecteuler.net/project/images/p_228.png]
[projecteuler.net/problem=229.html]
[projecteuler.net/problem=230.html]
[projecteuler.net/problem=231.html]
[projecteuler.net/problem=232.html]
[projecteuler.net/problem=233.html]
[projecteuler.net/problem=234.html]
[projecteuler.net/problem=235.html]
[projecteuler.net/problem=236.html]
[projecteuler.net/project/images/p_237.gif]
[projecteuler.net/problem=237.html]
[projecteuler.net/problem=238.html]
[projecteuler.net/problem=239.html]
[projecteuler.net/problem=240.html]
[projecteuler.net/problem=241.html]
[projecteuler.net/problem=242.html]
[projecteuler.net/problem=243.html]
[projecteuler.net/project/images/p_244_start.gif]
[projecteuler.net/project/images/p_244_example.gif]
[projecteuler.net/project/images/p_244_target.gif]
[projecteuler.net/problem=244.html]
[projecteuler.net/problem=245.html]
[projecteuler.net/project/images/p_246_anim.gif]
[projecteuler.net/problem=246.html]
[projecteuler.net/project/images/p_246_ellipse.gif]
[projecteuler.net/problem=247.html]
[projecteuler.net/problem=248.html]
[projecteuler.net/problem=249.html]
[projecteuler.net/problem=250.html]
[projecteuler.net/project/images/p_247_hypersquares.gif]
[projecteuler.net/problem=251.html]
[projecteuler.net/project/images/p_251_cardano.gif]
[projecteuler.net/problem=252.html]
[projecteuler.net/project/images/p_252_convexhole.gif]
[projecteuler.net/problem=253.html]
[projecteuler.net/problem=254.html]
[projecteuler.net/project/images/p_255_Heron.gif]
[projecteuler.net/problem=255.html]
[projecteuler.net/project/images/p_255_Example.gif]
[projecteuler.net/project/images/p_256_tatami3.gif]
[projecteuler.net/problem=256.html]
[projecteuler.net/problem=257.html]
[projecteuler.net/project/images/p_257_bisector.gif]
[projecteuler.net/problem=258.html]
[projecteuler.net/problem=259.html]
[projecteuler.net/problem=260.html]
[projecteuler.net/problem=261.html]
[projecteuler.net/problem=262.html]
[projecteuler.net/project/images/p_262_formula1.gif]
[projecteuler.net/problem=263.html]
[projecteuler.net/problem=264.html]
[projecteuler.net/project/images/p_264_TriangleCentres.gif]
[projecteuler.net/problem=265.html]
[projecteuler.net/project/images/p_265_BinaryCircles.gif]
[projecteuler.net/problem=266.html]
[projecteuler.net/problem=267.html]
[projecteuler.net/problem=268.html]
[projecteuler.net/problem=269.html]
[projecteuler.net/problem=270.html]
[projecteuler.net/project/images/p_270_CutSquare.gif]
[projecteuler.net/problem=271.html]
[projecteuler.net/problem=272.html]
[projecteuler.net/problem=273.html]
[projecteuler.net/problem=274.html]
[projecteuler.net/problem=275.html]
[projecteuler.net/project/images/p_275_sculptures2.gif]
[projecteuler.net/problem=276.html]
[projecteuler.net/problem=277.html]
[projecteuler.net/fastest=277.html]
[projecteuler.net/problem=278.html]
[projecteuler.net/fastest=278.html]
[projecteuler.net/problem=279.html]
[projecteuler.net/fastest=279.html]
[projecteuler.net/problem=280.html]
[projecteuler.net/fastest=280.html]
[projecteuler.net/problem=281.html]
[projecteuler.net/project/images/p_281_pizza.gif]
[projecteuler.net/fastest=281.html]
[projecteuler.net/project/images/p_282_formula.gif]
[projecteuler.net/problem=282.html]
[projecteuler.net/project/images/p_282formula3.gif]
[projecteuler.net/fastest=282.html]
[projecteuler.net/problem=283.html]
[projecteuler.net/fastest=283.html]
[projecteuler.net/problem=284.html]
[projecteuler.net/fastest=284.html]
[projecteuler.net/problem=285.html]
[projecteuler.net/fastest=285.html]
[projecteuler.net/problem=286.html]
[projecteuler.net/fastest=286.html]
[projecteuler.net/project/images/p_287_quadtree.gif]
[projecteuler.net/problem=287.html]
[projecteuler.net/fastest=287.html]
[projecteuler.net/problem=288.html]
[projecteuler.net/fastest=288.html]
[projecteuler.net/problem=289.html]
[projecteuler.net/project/images/p_289_euler.gif]
[projecteuler.net/fastest=289.html]
[projecteuler.net/problem=290.html]
[projecteuler.net/fastest=290.html]
[projecteuler.net/problem=291.html]
[projecteuler.net/project/images/p_291_formula.gif]
[projecteuler.net/fastest=291.html]
[projecteuler.net/problem=292.html]
[projecteuler.net/fastest=292.html]
[projecteuler.net/problem=293.html]
[projecteuler.net/fastest=293.html]
[projecteuler.net/problem=294.html]
[projecteuler.net/fastest=294.html]
[projecteuler.net/problem=295.html]
[projecteuler.net/project/images/p295_lenticular.gif]
[projecteuler.net/fastest=295.html]
[projecteuler.net/problem=296.html]
[projecteuler.net/project/images/p296_bisector.gif]
[projecteuler.net/fastest=296.html]
[projecteuler.net/problem=297.html]
[projecteuler.net/fastest=297.html]
[projecteuler.net/problem=298.html]
[projecteuler.net/fastest=298.html]
[projecteuler.net/problem=299.html]
[projecteuler.net/project/images/p_299_ThreeSimTri.gif]
[projecteuler.net/fastest=299.html]
[projecteuler.net/project/images/p_300_protein.gif]
[projecteuler.net/problem=300.html]
[projecteuler.net/fastest=300.html]
[projecteuler.net/problem=301.html]
[projecteuler.net/fastest=301.html]
[projecteuler.net/problem=302.html]
[projecteuler.net/fastest=302.html]
[projecteuler.net/project/images/p303_formula100.gif]
[projecteuler.net/problem=303.html]
[projecteuler.net/project/images/p303_formula10000.gif]
[projecteuler.net/fastest=303.html]
[projecteuler.net/problem=304.html]
[projecteuler.net/fastest=304.html]
[projecteuler.net/problem=305.html]
[projecteuler.net/fastest=305.html]
[projecteuler.net/project/images/p_306_pstrip.gif]
[projecteuler.net/problem=306.html]
[projecteuler.net/fastest=306.html]
[projecteuler.net/problem=307.html]
[projecteuler.net/fastest=307.html]
[projecteuler.net/problem=308.html]
[projecteuler.net/fastest=308.html]
[projecteuler.net/problem=309.html]
[projecteuler.net/project/images/p_309_ladders.gif]
[projecteuler.net/fastest=309.html]
[projecteuler.net/problem=310.html]
[projecteuler.net/fastest=310.html]
[projecteuler.net/problem=311.html]
[projecteuler.net/project/images/p_311_biclinic.gif]
[projecteuler.net/fastest=311.html]
[projecteuler.net/project/images/p_312_sierpinskyAt.gif]
[projecteuler.net/problem=312.html]
[projecteuler.net/project/images/p_312_sierpinsky8t.gif]
[projecteuler.net/fastest=312.html]
[projecteuler.net/project/images/sliding_game_1.gif]
[projecteuler.net/project/images/sliding_game_2.gif]
[projecteuler.net/problem=313.html]
[projecteuler.net/fastest=313.html]
[projecteuler.net/problem=314.html]
[projecteuler.net/project/images/p_314_landgrab.gif]
[projecteuler.net/fastest=314.html]
[projecteuler.net/project/images/p_315_clocks.gif]
[projecteuler.net/problem=315.html]
[projecteuler.net/fastest=315.html]
[projecteuler.net/project/images/p_316_decexp1.gif]
[projecteuler.net/project/images/p_316_decexp2.gif]
[projecteuler.net/project/images/p_316_decexp3.gif]
[projecteuler.net/problem=316.html]
[projecteuler.net/fastest=316.html]
[projecteuler.net/problem=317.html]
[projecteuler.net/fastest=317.html]
[projecteuler.net/problem=318.html]
[projecteuler.net/fastest=318.html]
[projecteuler.net/problem=319.html]
[projecteuler.net/fastest=319.html]
[projecteuler.net/problem=320.html]
[projecteuler.net/fastest=320.html]
[projecteuler.net/project/images/swapping_counters_1.gif]
[projecteuler.net/project/images/swapping_counters_2.gif]
[projecteuler.net/problem=321.html]
[projecteuler.net/fastest=321.html]
[projecteuler.net/problem=322.html]
[projecteuler.net/fastest=322.html]
[projecteuler.net/problem=323.html]
[projecteuler.net/fastest=323.html]
[projecteuler.net/problem=324.html]
[projecteuler.net/fastest=324.html]
[projecteuler.net/problem=325.html]
[projecteuler.net/fastest=325.html]
[projecteuler.net/project/images/p_326_formula1.gif]
[projecteuler.net/problem=326.html]
[projecteuler.net/project/images/p_326_formula2.gif]
[projecteuler.net/fastest=326.html]
[projecteuler.net/project/images/rooms_of_doom.gif]
[projecteuler.net/problem=327.html]
[projecteuler.net/fastest=327.html]
[projecteuler.net/project/images/p_328_sum1.gif]
[projecteuler.net/problem=328.html]
[projecteuler.net/project/images/p_328_sum2.gif]
[projecteuler.net/fastest=328.html]
[projecteuler.net/problem=329.html]
[projecteuler.net/fastest=329.html]
[projecteuler.net/project/images/p_330_formula.gif]
[projecteuler.net/problem=330.html]
[projecteuler.net/fastest=330.html]
[projecteuler.net/project/images/p_331_crossflips3.gif]
[projecteuler.net/project/images/p_331_crossflips1.gif]
[projecteuler.net/project/images/p_331_crossflips2.gif]
[projecteuler.net/problem=331.html]
[projecteuler.net/fastest=331.html]
[projecteuler.net/project/images/p_332_spherical.jpg]
[projecteuler.net/project/images/p_332_sum.gif]
[projecteuler.net/problem=332.html]
[projecteuler.net/fastest=332.html]
[projecteuler.net/problem=333.html]
[projecteuler.net/fastest=333.html]
[projecteuler.net/project/images/p_334_beans.gif]
[projecteuler.net/project/images/p_334_cases.gif]
[projecteuler.net/project/images/p_334_lfloor.gif]
[projecteuler.net/project/images/p_334_rfloor.gif]
[projecteuler.net/project/images/p_334_oplus.gif]
[projecteuler.net/problem=334.html]
[projecteuler.net/fastest=334.html]
[projecteuler.net/project/images/p_335_mancala.gif]
[projecteuler.net/problem=335.html]
[projecteuler.net/project/images/p_335_sum.gif]
[projecteuler.net/fastest=335.html]
[projecteuler.net/problem=336.html]
[projecteuler.net/project/images/p_336_maximix.gif]
[projecteuler.net/fastest=336.html]
[projecteuler.net/problem=337.html]
[projecteuler.net/fastest=337.html]
[projecteuler.net/problem=338.html]
[projecteuler.net/project/images/p_338_gridpaper.gif]
[projecteuler.net/fastest=338.html]
[projecteuler.net/problem=339.html]
[projecteuler.net/fastest=339.html]
[projecteuler.net/project/images/p_340_formula.gif]
[projecteuler.net/problem=340.html]
[projecteuler.net/fastest=340.html]
[projecteuler.net/problem=341.html]
[projecteuler.net/fastest=341.html]
[projecteuler.net/problem=342.html]
[projecteuler.net/fastest=342.html]
[projecteuler.net/problem=343.html]
[projecteuler.net/fastest=343.html]
[projecteuler.net/problem=344.html]
[projecteuler.net/project/images/p_344_silverdollar.gif]
[projecteuler.net/fastest=344.html]
[projecteuler.net/problem=345.html]
[projecteuler.net/fastest=345.html]
[projecteuler.net/problem=346.html]
[projecteuler.net/fastest=346.html]
[projecteuler.net/problem=347.html]
[projecteuler.net/fastest=347.html]
[projecteuler.net/problem=348.html]
[projecteuler.net/fastest=348.html]
[projecteuler.net/problem=349.html]
[projecteuler.net/fastest=349.html]
[projecteuler.net/problem=350.html]
[projecteuler.net/fastest=350.html]
[projecteuler.net/problem=351.html]
[projecteuler.net/project/images/p_351_hexorchard.png]
[projecteuler.net/fastest=351.html]
[projecteuler.net/problem=352.html]
[projecteuler.net/fastest=352.html]
[projecteuler.net/problem=353.html]
[projecteuler.net/fastest=353.html]
[projecteuler.net/problem=354.html]
[projecteuler.net/project/images/p_354_bee_honeycomb.png]
[projecteuler.net/fastest=354.html]
[projecteuler.net/problem=355.html]
[projecteuler.net/fastest=355.html]
[projecteuler.net/project/images/p_356_cubicpoly1.gif]
[projecteuler.net/project/images/p_356_cubicpoly2.gif]
[projecteuler.net/problem=356.html]
[projecteuler.net/fastest=356.html]
[projecteuler.net/problem=357.html]
[projecteuler.net/fastest=357.html]
[projecteuler.net/problem=358.html]
[projecteuler.net/fastest=358.html]
[projecteuler.net/problem=359.html]
[projecteuler.net/fastest=359.html]
[projecteuler.net/problem=360.html]
[projecteuler.net/fastest=360.html]
[projecteuler.net/problem=361.html]
[projecteuler.net/project/images/p_361_Thue-Morse1.gif]
[projecteuler.net/fastest=361.html]
[projecteuler.net/problem=362.html]
[projecteuler.net/fastest=362.html]
[projecteuler.net/problem=363.html]
[projecteuler.net/project/images/bezier/CabriJava.jar]
[projecteuler.net/fastest=363.html]
[projecteuler.net/project/images/p_364_comf_dist.gif]
[projecteuler.net/problem=364.html]
[projecteuler.net/fastest=364.html]
[projecteuler.net/problem=365.html]
[projecteuler.net/fastest=365.html]
[projecteuler.net/problem=366.html]
[projecteuler.net/fastest=366.html]
[projecteuler.net/problem=367.html]
[projecteuler.net/fastest=367.html]
[projecteuler.net/problem=368.html]
[projecteuler.net/fastest=368.html]
[projecteuler.net/problem=369.html]
[projecteuler.net/fastest=369.html]
[projecteuler.net/problem=370.html]
[projecteuler.net/fastest=370.html]
[projecteuler.net/problem=371.html]
[projecteuler.net/fastest=371.html]
[projecteuler.net/project/images/p_372_pencilray1.jpg]
[projecteuler.net/problem=372.html]
[projecteuler.net/project/images/p_372_pencilray2.gif]
[projecteuler.net/fastest=372.html]
[projecteuler.net/problem=373.html]
[projecteuler.net/fastest=373.html]
[projecteuler.net/problem=374.html]
[projecteuler.net/fastest=374.html]
[projecteuler.net/problem=375.html]
[projecteuler.net/fastest=375.html]
[projecteuler.net/fastest=376.html]
[projecteuler.net/project/images/sod_13.gif]
[projecteuler.net/problem=377.html]
[projecteuler.net/fastest=377.html]
[projecteuler.net/problem=378.html]
[projecteuler.net/fastest=378.html]
[projecteuler.net/problem=379.html]
[projecteuler.net/fastest=379.html]
[projecteuler.net/problem=380.html]
[projecteuler.net/project/images/p_380_mazes.gif]
[projecteuler.net/fastest=380.html]
[projecteuler.net/problem=381.html]
[projecteuler.net/fastest=381.html]
[projecteuler.net/problem=382.html]
[projecteuler.net/fastest=382.html]
[projecteuler.net/problem=383.html]
[projecteuler.net/fastest=383.html]
[projecteuler.net/problem=384.html]
[projecteuler.net/project/images/p_384_formula.gif]
[projecteuler.net/fastest=384.html]
[projecteuler.net/problem=385.html]
[projecteuler.net/project/images/p_385_ellipsetriangle.png]
[projecteuler.net/fastest=385.html]
[projecteuler.net/problem=386.html]
[projecteuler.net/fastest=386.html]
[projecteuler.net/problem=387.html]
[projecteuler.net/fastest=387.html]
[projecteuler.net/problem=388.html]
[projecteuler.net/fastest=388.html]
[projecteuler.net/problem=389.html]
[projecteuler.net/fastest=389.html]
[projecteuler.net/problem=390.html]
[projecteuler.net/fastest=390.html]
[projecteuler.net/problem=391.html]
[projecteuler.net/fastest=391.html]
[projecteuler.net/problem=392.html]
[projecteuler.net/project/images/p392_gridlines.png]
[projecteuler.net/fastest=392.html]
[projecteuler.net/problem=393.html]
[projecteuler.net/fastest=393.html]
[projecteuler.net/problem=394.html]
[projecteuler.net/project/images/p_394_eatpie.gif]
[projecteuler.net/fastest=394.html]
[projecteuler.net/problem=395.html]
[projecteuler.net/project/images/p_395_pythagorean.gif]
[projecteuler.net/fastest=395.html]
[projecteuler.net/problem=396.html]
[projecteuler.net/fastest=396.html]
[projecteuler.net/problem=397.html]
[projecteuler.net/fastest=397.html]
[projecteuler.net/problem=398.html]
[projecteuler.net/fastest=398.html]
[projecteuler.net/problem=399.html]
[projecteuler.net/fastest=399.html]
[projecteuler.net/problem=400.html]
[projecteuler.net/fastest=400.html]
[projecteuler.net/indexf934.html]
[projecteuler.net/index8aab.html]
[projecteuler.net/indexc173.html]
[projecteuler.net/about=roman_numerals.html]
[projecteuler.net/indexe22f.html]
[projecteuler.net/indexc7a2.html]
[projecteuler.net/index7746.html]
[projecteuler.net/indexa01c.html]
[projecteuler.net/index8d7b.html]
[projecteuler.net/indexd81a.html]
[projecteuler.net/indexee29.html]
[projecteuler.net/index8279.html]
[projecteuler.net/index.html]
[projecteuler.net/project/images/p400_winning.png]
